<?xml version="1.0" encoding="UTF-8"?>
<!-- Generated by org.testng.reporters.JUnitReportReporter -->
<testsuite hostname="agasthya" failures="0" tests="4" name="runner.TestNgRunner" time="323.170" errors="0" timestamp="2020-07-17T19:43:35 IST" skipped="0">
  <testcase classname="runner.TestNgRunner" name="runScenario" time="80.628"/>
  <system-out/>
  <testcase classname="runner.TestNgRunner" name="runScenario" time="80.363"/>
  <system-out/>
  <testcase classname="runner.TestNgRunner" name="runScenario" time="89.160"/>
  <system-out/>
  <testcase classname="runner.TestNgRunner" name="runScenario" time="73.019"/>
  <system-out/>
</testsuite> <!-- runner.TestNgRunner -->
